<?xml version="1.0" encoding="UTF-8"?>
<testsuite xmlns:xsi="http://www.w3.org/2001/XMLSchema-instance" xsi:noNamespaceSchemaLocation="https://maven.apache.org/surefire/maven-surefire-plugin/xsd/surefire-test-report.xsd" version="3.0.2" name="com.sap.taskcenter.TaskcenterApplicationTests" time="4.477" tests="1" errors="0" skipped="0" failures="0">
  <properties>
    <property name="java.specification.version" value="21"/>
    <property name="sun.jnu.encoding" value="ANSI_X3.4-1968"/>
    <property name="java.class.path" value="/home/user/projects/taskcenter/taskcenter/target/test-classes:/home/user/projects/taskcenter/taskcenter/target/classes:/home/user/.m2/repository/org/springframework/boot/spring-boot-starter-web/3.4.1/spring-boot-starter-web-3.4.1.jar:/home/user/.m2/repository/org/springframework/boot/spring-boot-starter/3.4.1/spring-boot-starter-3.4.1.jar:/home/user/.m2/repository/org/springframework/boot/spring-boot/3.4.1/spring-boot-3.4.1.jar:/home/user/.m2/repository/org/springframework/boot/spring-boot-autoconfigure/3.4.1/spring-boot-autoconfigure-3.4.1.jar:/home/user/.m2/repository/org/springframework/boot/spring-boot-starter-logging/3.4.1/spring-boot-starter-logging-3.4.1.jar:/home/user/.m2/repository/ch/qos/logback/logback-classic/1.5.12/logback-classic-1.5.12.jar:/home/user/.m2/repository/ch/qos/logback/logback-core/1.5.12/logback-core-1.5.12.jar:/home/user/.m2/repository/org/apache/logging/log4j/log4j-to-slf4j/2.24.3/log4j-to-slf4j-2.24.3.jar:/home/user/.m2/repository/org/apache/logging/log4j/log4j-api/2.24.3/log4j-api-2.24.3.jar:/home/user/.m2/repository/org/slf4j/jul-to-slf4j/2.0.16/jul-to-slf4j-2.0.16.jar:/home/user/.m2/repository/jakarta/annotation/jakarta.annotation-api/2.1.1/jakarta.annotation-api-2.1.1.jar:/home/user/.m2/repository/org/yaml/snakeyaml/2.3/snakeyaml-2.3.jar:/home/user/.m2/repository/org/springframework/boot/spring-boot-starter-json/3.4.1/spring-boot-starter-json-3.4.1.jar:/home/user/.m2/repository/com/fasterxml/jackson/core/jackson-databind/2.18.2/jackson-databind-2.18.2.jar:/home/user/.m2/repository/com/fasterxml/jackson/core/jackson-annotations/2.18.2/jackson-annotations-2.18.2.jar:/home/user/.m2/repository/com/fasterxml/jackson/core/jackson-core/2.18.2/jackson-core-2.18.2.jar:/home/user/.m2/repository/com/fasterxml/jackson/datatype/jackson-datatype-jdk8/2.18.2/jackson-datatype-jdk8-2.18.2.jar:/home/user/.m2/repository/com/fasterxml/jackson/datatype/jackson-datatype-jsr310/2.18.2/jackson-datatype-jsr310-2.18.2.jar:/home/user/.m2/repository/com/fasterxml/jackson/module/jackson-module-parameter-names/2.18.2/jackson-module-parameter-names-2.18.2.jar:/home/user/.m2/repository/org/springframework/boot/spring-boot-starter-tomcat/3.4.1/spring-boot-starter-tomcat-3.4.1.jar:/home/user/.m2/repository/org/apache/tomcat/embed/tomcat-embed-core/10.1.34/tomcat-embed-core-10.1.34.jar:/home/user/.m2/repository/org/apache/tomcat/embed/tomcat-embed-el/10.1.34/tomcat-embed-el-10.1.34.jar:/home/user/.m2/repository/org/apache/tomcat/embed/tomcat-embed-websocket/10.1.34/tomcat-embed-websocket-10.1.34.jar:/home/user/.m2/repository/org/springframework/spring-web/6.2.1/spring-web-6.2.1.jar:/home/user/.m2/repository/org/springframework/spring-beans/6.2.1/spring-beans-6.2.1.jar:/home/user/.m2/repository/org/springframework/spring-webmvc/6.2.1/spring-webmvc-6.2.1.jar:/home/user/.m2/repository/org/springframework/spring-aop/6.2.1/spring-aop-6.2.1.jar:/home/user/.m2/repository/org/springframework/spring-context/6.2.1/spring-context-6.2.1.jar:/home/user/.m2/repository/org/springframework/spring-expression/6.2.1/spring-expression-6.2.1.jar:/home/user/.m2/repository/org/springframework/boot/spring-boot-starter-test/3.4.1/spring-boot-starter-test-3.4.1.jar:/home/user/.m2/repository/org/springframework/boot/spring-boot-test/3.4.1/spring-boot-test-3.4.1.jar:/home/user/.m2/repository/org/springframework/boot/spring-boot-test-autoconfigure/3.4.1/spring-boot-test-autoconfigure-3.4.1.jar:/home/user/.m2/repository/com/jayway/jsonpath/json-path/2.9.0/json-path-2.9.0.jar:/home/user/.m2/repository/org/slf4j/slf4j-api/2.0.16/slf4j-api-2.0.16.jar:/home/user/.m2/repository/jakarta/xml/bind/jakarta.xml.bind-api/4.0.2/jakarta.xml.bind-api-4.0.2.jar:/home/user/.m2/repository/jakarta/activation/jakarta.activation-api/2.1.3/jakarta.activation-api-2.1.3.jar:/home/user/.m2/repository/net/minidev/json-smart/2.5.1/json-smart-2.5.1.jar:/home/user/.m2/repository/net/minidev/accessors-smart/2.5.1/accessors-smart-2.5.1.jar:/home/user/.m2/repository/org/ow2/asm/asm/9.6/asm-9.6.jar:/home/user/.m2/repository/org/assertj/assertj-core/3.26.3/assertj-core-3.26.3.jar:/home/user/.m2/repository/net/bytebuddy/byte-buddy/1.15.11/byte-buddy-1.15.11.jar:/home/user/.m2/repository/org/awaitility/awaitility/4.2.2/awaitility-4.2.2.jar:/home/user/.m2/repository/org/hamcrest/hamcrest/2.2/hamcrest-2.2.jar:/home/user/.m2/repository/org/junit/jupiter/junit-jupiter/5.11.4/junit-jupiter-5.11.4.jar:/home/user/.m2/repository/org/junit/jupiter/junit-jupiter-api/5.11.4/junit-jupiter-api-5.11.4.jar:/home/user/.m2/repository/org/opentest4j/opentest4j/1.3.0/opentest4j-1.3.0.jar:/home/user/.m2/repository/org/junit/platform/junit-platform-commons/1.11.4/junit-platform-commons-1.11.4.jar:/home/user/.m2/repository/org/apiguardian/apiguardian-api/1.1.2/apiguardian-api-1.1.2.jar:/home/user/.m2/repository/org/junit/jupiter/junit-jupiter-params/5.11.4/junit-jupiter-params-5.11.4.jar:/home/user/.m2/repository/org/junit/jupiter/junit-jupiter-engine/5.11.4/junit-jupiter-engine-5.11.4.jar:/home/user/.m2/repository/org/junit/platform/junit-platform-engine/1.11.4/junit-platform-engine-1.11.4.jar:/home/user/.m2/repository/org/mockito/mockito-core/5.14.2/mockito-core-5.14.2.jar:/home/user/.m2/repository/net/bytebuddy/byte-buddy-agent/1.15.11/byte-buddy-agent-1.15.11.jar:/home/user/.m2/repository/org/objenesis/objenesis/3.3/objenesis-3.3.jar:/home/user/.m2/repository/org/mockito/mockito-junit-jupiter/5.14.2/mockito-junit-jupiter-5.14.2.jar:/home/user/.m2/repository/org/skyscreamer/jsonassert/1.5.3/jsonassert-1.5.3.jar:/home/user/.m2/repository/com/vaadin/external/google/android-json/0.0.20131108.vaadin1/android-json-0.0.20131108.vaadin1.jar:/home/user/.m2/repository/org/springframework/spring-core/6.2.1/spring-core-6.2.1.jar:/home/user/.m2/repository/org/springframework/spring-jcl/6.2.1/spring-jcl-6.2.1.jar:/home/user/.m2/repository/org/springframework/spring-test/6.2.1/spring-test-6.2.1.jar:/home/user/.m2/repository/org/xmlunit/xmlunit-core/2.10.0/xmlunit-core-2.10.0.jar:/home/user/.m2/repository/com/sap/cds/cds-starter-cloudfoundry/3.4.1/cds-starter-cloudfoundry-3.4.1.jar:/home/user/.m2/repository/com/sap/cds/cds-feature-hana/3.4.1/cds-feature-hana-3.4.1.jar:/home/user/.m2/repository/com/sap/cds/cds-services-api/3.4.1/cds-services-api-3.4.1.jar:/home/user/.m2/repository/com/sap/cds/cds4j-api/3.4.0/cds4j-api-3.4.0.jar:/home/user/.m2/repository/com/sap/cloud/environment/servicebinding/api/java-core-api/0.10.5/java-core-api-0.10.5.jar:/home/user/.m2/repository/com/sap/cds/cds-services-utils/3.4.1/cds-services-utils-3.4.1.jar:/home/user/.m2/repository/com/sap/cds/cds4j-core/3.4.0/cds4j-core-3.4.0.jar:/home/user/.m2/repository/com/github/ben-manes/caffeine/caffeine/3.1.8/caffeine-3.1.8.jar:/home/user/.m2/repository/com/sap/cds/cds4j-runtime/3.4.0/cds4j-runtime-3.4.0.jar:/home/user/.m2/repository/com/sap/cds/cds4j-jdbc-spi/3.4.0/cds4j-jdbc-spi-3.4.0.jar:/home/user/.m2/repository/com/sap/cloud/sdk/cloudplatform/connectivity-oauth/5.13.0/connectivity-oauth-5.13.0.jar:/home/user/.m2/repository/com/sap/cloud/sdk/cloudplatform/cloudplatform-core/5.13.0/cloudplatform-core-5.13.0.jar:/home/user/.m2/repository/com/sap/cloud/sdk/cloudplatform/cloudplatform-connectivity/5.13.0/cloudplatform-connectivity-5.13.0.jar:/home/user/.m2/repository/com/mikesamuel/json-sanitizer/1.2.3/json-sanitizer-1.2.3.jar:/home/user/.m2/repository/org/bouncycastle/bcprov-jdk18on/1.78.1/bcprov-jdk18on-1.78.1.jar:/home/user/.m2/repository/org/bouncycastle/bcpkix-jdk18on/1.78.1/bcpkix-jdk18on-1.78.1.jar:/home/user/.m2/repository/org/bouncycastle/bcutil-jdk18on/1.78.1/bcutil-jdk18on-1.78.1.jar:/home/user/.m2/repository/com/sap/cloud/sdk/cloudplatform/caching/5.13.0/caching-5.13.0.jar:/home/user/.m2/repository/com/sap/cloud/environment/servicebinding/api/java-consumption-api/0.10.5/java-consumption-api-0.10.5.jar:/home/user/.m2/repository/org/apache/httpcomponents/httpcore/4.4.16/httpcore-4.4.16.jar:/home/user/.m2/repository/org/slf4j/jcl-over-slf4j/2.0.16/jcl-over-slf4j-2.0.16.jar:/home/user/.m2/repository/com/auth0/java-jwt/4.4.0/java-jwt-4.4.0.jar:/home/user/.m2/repository/io/vavr/vavr/0.10.4/vavr-0.10.4.jar:/home/user/.m2/repository/io/vavr/vavr-match/0.10.4/vavr-match-0.10.4.jar:/home/user/.m2/repository/commons-io/commons-io/2.17.0/commons-io-2.17.0.jar:/home/user/.m2/repository/io/opentelemetry/opentelemetry-api/1.43.0/opentelemetry-api-1.43.0.jar:/home/user/.m2/repository/io/opentelemetry/opentelemetry-context/1.43.0/opentelemetry-context-1.43.0.jar:/home/user/.m2/repository/com/google/guava/guava/33.3.1-jre/guava-33.3.1-jre.jar:/home/user/.m2/repository/com/google/guava/failureaccess/1.0.2/failureaccess-1.0.2.jar:/home/user/.m2/repository/com/google/guava/listenablefuture/9999.0-empty-to-avoid-conflict-with-guava/listenablefuture-9999.0-empty-to-avoid-conflict-with-guava.jar:/home/user/.m2/repository/com/google/code/findbugs/jsr305/3.0.2/jsr305-3.0.2.jar:/home/user/.m2/repository/org/checkerframework/checker-qual/3.43.0/checker-qual-3.43.0.jar:/home/user/.m2/repository/com/google/j2objc/j2objc-annotations/3.0.0/j2objc-annotations-3.0.0.jar:/home/user/.m2/repository/org/apache/commons/commons-lang3/3.17.0/commons-lang3-3.17.0.jar:/home/user/.m2/repository/com/sap/cloud/security/xsuaa/token-client/3.5.3/token-client-3.5.3.jar:/home/user/.m2/repository/com/sap/cloud/security/env/3.5.3/env-3.5.3.jar:/home/user/.m2/repository/com/sap/cloud/environment/servicebinding/java-sap-service-operator/0.10.5/java-sap-service-operator-0.10.5.jar:/home/user/.m2/repository/com/sap/cloud/db/jdbc/ngdbc/2.22.12/ngdbc-2.22.12.jar:/home/user/.m2/repository/com/sap/cds/cds-feature-mt/3.4.1/cds-feature-mt-3.4.1.jar:/home/user/.m2/repository/com/sap/cds/cds-adapter-api/3.4.1/cds-adapter-api-3.4.1.jar:/home/user/.m2/repository/com/sap/cds/cds-integration-cloud-sdk/3.4.1/cds-integration-cloud-sdk-3.4.1.jar:/home/user/.m2/repository/com/sap/cloud/sdk/cloudplatform/tenant/5.13.0/tenant-5.13.0.jar:/home/user/.m2/repository/com/sap/cloud/sdk/cloudplatform/security/5.13.0/security-5.13.0.jar:/home/user/.m2/repository/com/sap/cloud/sdk/cloudplatform/connectivity-apache-httpclient4/5.13.0/connectivity-apache-httpclient4-5.13.0.jar:/home/user/.m2/repository/com/sap/cloud/sdk/cloudplatform/resilience/5.13.0/resilience-5.13.0.jar:/home/user/.m2/repository/com/sap/cloud/sdk/cloudplatform/resilience-api/5.13.0/resilience-api-5.13.0.jar:/home/user/.m2/repository/com/sap/cloud/sdk/cloudplatform/resilience4j/5.13.0/resilience4j-5.13.0.jar:/home/user/.m2/repository/io/github/resilience4j/resilience4j-circuitbreaker/2.2.0/resilience4j-circuitbreaker-2.2.0.jar:/home/user/.m2/repository/io/github/resilience4j/resilience4j-core/2.2.0/resilience4j-core-2.2.0.jar:/home/user/.m2/repository/io/github/resilience4j/resilience4j-bulkhead/2.2.0/resilience4j-bulkhead-2.2.0.jar:/home/user/.m2/repository/io/github/resilience4j/resilience4j-timelimiter/2.2.0/resilience4j-timelimiter-2.2.0.jar:/home/user/.m2/repository/io/github/resilience4j/resilience4j-retry/2.2.0/resilience4j-retry-2.2.0.jar:/home/user/.m2/repository/io/github/resilience4j/resilience4j-ratelimiter/2.2.0/resilience4j-ratelimiter-2.2.0.jar:/home/user/.m2/repository/javax/cache/cache-api/1.1.1/cache-api-1.1.1.jar:/home/user/.m2/repository/com/sap/cds/cds-services-impl/3.4.1/cds-services-impl-3.4.1.jar:/home/user/.m2/repository/com/sap/cds/cds-services-messaging/3.4.1/cds-services-messaging-3.4.1.jar:/home/user/.m2/repository/jakarta/jms/jakarta.jms-api/3.1.0/jakarta.jms-api-3.1.0.jar:/home/user/.m2/repository/com/sap/cloud/environment/servicebinding/api/java-access-api/0.10.5/java-access-api-0.10.5.jar:/home/user/.m2/repository/org/apache/commons/commons-csv/1.10.0/commons-csv-1.10.0.jar:/home/user/.m2/repository/com/google/code/gson/gson/2.11.0/gson-2.11.0.jar:/home/user/.m2/repository/com/google/errorprone/error_prone_annotations/2.27.0/error_prone_annotations-2.27.0.jar:/home/user/.m2/repository/com/sap/cds/cds-feature-cloudfoundry/3.4.1/cds-feature-cloudfoundry-3.4.1.jar:/home/user/.m2/repository/com/sap/cloud/environment/servicebinding/java-sap-vcap-services/0.10.5/java-sap-vcap-services-0.10.5.jar:/home/user/.m2/repository/org/json/json/20240303/json-20240303.jar:/home/user/.m2/repository/com/sap/cds/cds-feature-identity/3.4.1/cds-feature-identity-3.4.1.jar:/home/user/.m2/repository/com/sap/cloud/security/java-api/3.5.3/java-api-3.5.3.jar:/home/user/.m2/repository/com/sap/cloud/security/java-security/3.5.3/java-security-3.5.3.jar:/home/user/.m2/repository/com/sap/cloud/security/resourceserver-security-spring-boot-starter/3.5.3/resourceserver-security-spring-boot-starter-3.5.3.jar:/home/user/.m2/repository/com/sap/cloud/security/spring-security/3.5.3/spring-security-3.5.3.jar:/home/user/.m2/repository/com/nimbusds/nimbus-jose-jwt/9.40/nimbus-jose-jwt-9.40.jar:/home/user/.m2/repository/org/apache/httpcomponents/httpclient/4.5.14/httpclient-4.5.14.jar:/home/user/.m2/repository/commons-logging/commons-logging/1.2/commons-logging-1.2.jar:/home/user/.m2/repository/commons-codec/commons-codec/1.17.1/commons-codec-1.17.1.jar:/home/user/.m2/repository/org/springframework/security/spring-security-oauth2-jose/6.4.2/spring-security-oauth2-jose-6.4.2.jar:/home/user/.m2/repository/org/springframework/security/spring-security-core/6.4.2/spring-security-core-6.4.2.jar:/home/user/.m2/repository/org/springframework/security/spring-security-crypto/6.4.2/spring-security-crypto-6.4.2.jar:/home/user/.m2/repository/org/springframework/security/spring-security-oauth2-core/6.4.2/spring-security-oauth2-core-6.4.2.jar:/home/user/.m2/repository/org/springframework/security/spring-security-oauth2-resource-server/6.4.2/spring-security-oauth2-resource-server-6.4.2.jar:/home/user/.m2/repository/org/springframework/boot/spring-boot-starter-security/3.4.1/spring-boot-starter-security-3.4.1.jar:/home/user/.m2/repository/org/springframework/security/spring-security-config/6.4.2/spring-security-config-6.4.2.jar:/home/user/.m2/repository/org/springframework/security/spring-security-web/6.4.2/spring-security-web-6.4.2.jar:/home/user/.m2/repository/org/springframework/boot/spring-boot-starter-actuator/3.4.1/spring-boot-starter-actuator-3.4.1.jar:/home/user/.m2/repository/org/springframework/boot/spring-boot-actuator-autoconfigure/3.4.1/spring-boot-actuator-autoconfigure-3.4.1.jar:/home/user/.m2/repository/org/springframework/boot/spring-boot-actuator/3.4.1/spring-boot-actuator-3.4.1.jar:/home/user/.m2/repository/io/micrometer/micrometer-observation/1.14.2/micrometer-observation-1.14.2.jar:/home/user/.m2/repository/io/micrometer/micrometer-commons/1.14.2/micrometer-commons-1.14.2.jar:/home/user/.m2/repository/io/micrometer/micrometer-jakarta9/1.14.2/micrometer-jakarta9-1.14.2.jar:/home/user/.m2/repository/io/micrometer/micrometer-core/1.14.2/micrometer-core-1.14.2.jar:/home/user/.m2/repository/org/hdrhistogram/HdrHistogram/2.2.2/HdrHistogram-2.2.2.jar:/home/user/.m2/repository/org/latencyutils/LatencyUtils/2.0.3/LatencyUtils-2.0.3.jar:/home/user/.m2/repository/org/springframework/boot/spring-boot-starter-webflux/3.4.1/spring-boot-starter-webflux-3.4.1.jar:/home/user/.m2/repository/org/springframework/boot/spring-boot-starter-reactor-netty/3.4.1/spring-boot-starter-reactor-netty-3.4.1.jar:/home/user/.m2/repository/io/projectreactor/netty/reactor-netty-http/1.2.1/reactor-netty-http-1.2.1.jar:/home/user/.m2/repository/io/netty/netty-codec-http/4.1.116.Final/netty-codec-http-4.1.116.Final.jar:/home/user/.m2/repository/io/netty/netty-common/4.1.116.Final/netty-common-4.1.116.Final.jar:/home/user/.m2/repository/io/netty/netty-buffer/4.1.116.Final/netty-buffer-4.1.116.Final.jar:/home/user/.m2/repository/io/netty/netty-transport/4.1.116.Final/netty-transport-4.1.116.Final.jar:/home/user/.m2/repository/io/netty/netty-codec/4.1.116.Final/netty-codec-4.1.116.Final.jar:/home/user/.m2/repository/io/netty/netty-handler/4.1.116.Final/netty-handler-4.1.116.Final.jar:/home/user/.m2/repository/io/netty/netty-codec-http2/4.1.116.Final/netty-codec-http2-4.1.116.Final.jar:/home/user/.m2/repository/io/netty/netty-resolver-dns/4.1.116.Final/netty-resolver-dns-4.1.116.Final.jar:/home/user/.m2/repository/io/netty/netty-resolver/4.1.116.Final/netty-resolver-4.1.116.Final.jar:/home/user/.m2/repository/io/netty/netty-codec-dns/4.1.116.Final/netty-codec-dns-4.1.116.Final.jar:/home/user/.m2/repository/io/netty/netty-resolver-dns-native-macos/4.1.116.Final/netty-resolver-dns-native-macos-4.1.116.Final-osx-x86_64.jar:/home/user/.m2/repository/io/netty/netty-resolver-dns-classes-macos/4.1.116.Final/netty-resolver-dns-classes-macos-4.1.116.Final.jar:/home/user/.m2/repository/io/netty/netty-transport-native-epoll/4.1.116.Final/netty-transport-native-epoll-4.1.116.Final-linux-x86_64.jar:/home/user/.m2/repository/io/netty/netty-transport-native-unix-common/4.1.116.Final/netty-transport-native-unix-common-4.1.116.Final.jar:/home/user/.m2/repository/io/netty/netty-transport-classes-epoll/4.1.116.Final/netty-transport-classes-epoll-4.1.116.Final.jar:/home/user/.m2/repository/io/projectreactor/netty/reactor-netty-core/1.2.1/reactor-netty-core-1.2.1.jar:/home/user/.m2/repository/io/netty/netty-handler-proxy/4.1.116.Final/netty-handler-proxy-4.1.116.Final.jar:/home/user/.m2/repository/io/netty/netty-codec-socks/4.1.116.Final/netty-codec-socks-4.1.116.Final.jar:/home/user/.m2/repository/org/springframework/spring-webflux/6.2.1/spring-webflux-6.2.1.jar:/home/user/.m2/repository/io/projectreactor/reactor-core/3.7.1/reactor-core-3.7.1.jar:/home/user/.m2/repository/org/reactivestreams/reactive-streams/1.0.4/reactive-streams-1.0.4.jar:"/>
    <property name="java.vm.vendor" value="SAP SE"/>
    <property name="sun.arch.data.model" value="64"/>
    <property name="java.vendor.url" value="https://sapmachine.io/"/>
    <property name="user.timezone" value="Etc/UTC"/>
    <property name="os.name" value="Linux"/>
    <property name="java.vm.specification.version" value="21"/>
    <property name="APPLICATION_NAME" value="taskcenter"/>
    <property name="sun.java.launcher" value="SUN_STANDARD"/>
    <property name="user.country" value="US"/>
    <property name="sun.boot.library.path" value="/local/asdf-inst-inbox-runtime/installs/java/sapmachine-21.0.2/lib"/>
    <property name="sun.java.command" value="/home/user/projects/taskcenter/taskcenter/target/surefire/surefirebooter-20250123104716157_3.jar /home/user/projects/taskcenter/taskcenter/target/surefire 2025-01-23T10-47-16_070-jvmRun1 surefire-20250123104716157_1tmp surefire_0-20250123104716157_2tmp"/>
    <property name="jdk.debug" value="release"/>
    <property name="surefire.test.class.path" value="/home/user/projects/taskcenter/taskcenter/target/test-classes:/home/user/projects/taskcenter/taskcenter/target/classes:/home/user/.m2/repository/org/springframework/boot/spring-boot-starter-web/3.4.1/spring-boot-starter-web-3.4.1.jar:/home/user/.m2/repository/org/springframework/boot/spring-boot-starter/3.4.1/spring-boot-starter-3.4.1.jar:/home/user/.m2/repository/org/springframework/boot/spring-boot/3.4.1/spring-boot-3.4.1.jar:/home/user/.m2/repository/org/springframework/boot/spring-boot-autoconfigure/3.4.1/spring-boot-autoconfigure-3.4.1.jar:/home/user/.m2/repository/org/springframework/boot/spring-boot-starter-logging/3.4.1/spring-boot-starter-logging-3.4.1.jar:/home/user/.m2/repository/ch/qos/logback/logback-classic/1.5.12/logback-classic-1.5.12.jar:/home/user/.m2/repository/ch/qos/logback/logback-core/1.5.12/logback-core-1.5.12.jar:/home/user/.m2/repository/org/apache/logging/log4j/log4j-to-slf4j/2.24.3/log4j-to-slf4j-2.24.3.jar:/home/user/.m2/repository/org/apache/logging/log4j/log4j-api/2.24.3/log4j-api-2.24.3.jar:/home/user/.m2/repository/org/slf4j/jul-to-slf4j/2.0.16/jul-to-slf4j-2.0.16.jar:/home/user/.m2/repository/jakarta/annotation/jakarta.annotation-api/2.1.1/jakarta.annotation-api-2.1.1.jar:/home/user/.m2/repository/org/yaml/snakeyaml/2.3/snakeyaml-2.3.jar:/home/user/.m2/repository/org/springframework/boot/spring-boot-starter-json/3.4.1/spring-boot-starter-json-3.4.1.jar:/home/user/.m2/repository/com/fasterxml/jackson/core/jackson-databind/2.18.2/jackson-databind-2.18.2.jar:/home/user/.m2/repository/com/fasterxml/jackson/core/jackson-annotations/2.18.2/jackson-annotations-2.18.2.jar:/home/user/.m2/repository/com/fasterxml/jackson/core/jackson-core/2.18.2/jackson-core-2.18.2.jar:/home/user/.m2/repository/com/fasterxml/jackson/datatype/jackson-datatype-jdk8/2.18.2/jackson-datatype-jdk8-2.18.2.jar:/home/user/.m2/repository/com/fasterxml/jackson/datatype/jackson-datatype-jsr310/2.18.2/jackson-datatype-jsr310-2.18.2.jar:/home/user/.m2/repository/com/fasterxml/jackson/module/jackson-module-parameter-names/2.18.2/jackson-module-parameter-names-2.18.2.jar:/home/user/.m2/repository/org/springframework/boot/spring-boot-starter-tomcat/3.4.1/spring-boot-starter-tomcat-3.4.1.jar:/home/user/.m2/repository/org/apache/tomcat/embed/tomcat-embed-core/10.1.34/tomcat-embed-core-10.1.34.jar:/home/user/.m2/repository/org/apache/tomcat/embed/tomcat-embed-el/10.1.34/tomcat-embed-el-10.1.34.jar:/home/user/.m2/repository/org/apache/tomcat/embed/tomcat-embed-websocket/10.1.34/tomcat-embed-websocket-10.1.34.jar:/home/user/.m2/repository/org/springframework/spring-web/6.2.1/spring-web-6.2.1.jar:/home/user/.m2/repository/org/springframework/spring-beans/6.2.1/spring-beans-6.2.1.jar:/home/user/.m2/repository/org/springframework/spring-webmvc/6.2.1/spring-webmvc-6.2.1.jar:/home/user/.m2/repository/org/springframework/spring-aop/6.2.1/spring-aop-6.2.1.jar:/home/user/.m2/repository/org/springframework/spring-context/6.2.1/spring-context-6.2.1.jar:/home/user/.m2/repository/org/springframework/spring-expression/6.2.1/spring-expression-6.2.1.jar:/home/user/.m2/repository/org/springframework/boot/spring-boot-starter-test/3.4.1/spring-boot-starter-test-3.4.1.jar:/home/user/.m2/repository/org/springframework/boot/spring-boot-test/3.4.1/spring-boot-test-3.4.1.jar:/home/user/.m2/repository/org/springframework/boot/spring-boot-test-autoconfigure/3.4.1/spring-boot-test-autoconfigure-3.4.1.jar:/home/user/.m2/repository/com/jayway/jsonpath/json-path/2.9.0/json-path-2.9.0.jar:/home/user/.m2/repository/org/slf4j/slf4j-api/2.0.16/slf4j-api-2.0.16.jar:/home/user/.m2/repository/jakarta/xml/bind/jakarta.xml.bind-api/4.0.2/jakarta.xml.bind-api-4.0.2.jar:/home/user/.m2/repository/jakarta/activation/jakarta.activation-api/2.1.3/jakarta.activation-api-2.1.3.jar:/home/user/.m2/repository/net/minidev/json-smart/2.5.1/json-smart-2.5.1.jar:/home/user/.m2/repository/net/minidev/accessors-smart/2.5.1/accessors-smart-2.5.1.jar:/home/user/.m2/repository/org/ow2/asm/asm/9.6/asm-9.6.jar:/home/user/.m2/repository/org/assertj/assertj-core/3.26.3/assertj-core-3.26.3.jar:/home/user/.m2/repository/net/bytebuddy/byte-buddy/1.15.11/byte-buddy-1.15.11.jar:/home/user/.m2/repository/org/awaitility/awaitility/4.2.2/awaitility-4.2.2.jar:/home/user/.m2/repository/org/hamcrest/hamcrest/2.2/hamcrest-2.2.jar:/home/user/.m2/repository/org/junit/jupiter/junit-jupiter/5.11.4/junit-jupiter-5.11.4.jar:/home/user/.m2/repository/org/junit/jupiter/junit-jupiter-api/5.11.4/junit-jupiter-api-5.11.4.jar:/home/user/.m2/repository/org/opentest4j/opentest4j/1.3.0/opentest4j-1.3.0.jar:/home/user/.m2/repository/org/junit/platform/junit-platform-commons/1.11.4/junit-platform-commons-1.11.4.jar:/home/user/.m2/repository/org/apiguardian/apiguardian-api/1.1.2/apiguardian-api-1.1.2.jar:/home/user/.m2/repository/org/junit/jupiter/junit-jupiter-params/5.11.4/junit-jupiter-params-5.11.4.jar:/home/user/.m2/repository/org/junit/jupiter/junit-jupiter-engine/5.11.4/junit-jupiter-engine-5.11.4.jar:/home/user/.m2/repository/org/junit/platform/junit-platform-engine/1.11.4/junit-platform-engine-1.11.4.jar:/home/user/.m2/repository/org/mockito/mockito-core/5.14.2/mockito-core-5.14.2.jar:/home/user/.m2/repository/net/bytebuddy/byte-buddy-agent/1.15.11/byte-buddy-agent-1.15.11.jar:/home/user/.m2/repository/org/objenesis/objenesis/3.3/objenesis-3.3.jar:/home/user/.m2/repository/org/mockito/mockito-junit-jupiter/5.14.2/mockito-junit-jupiter-5.14.2.jar:/home/user/.m2/repository/org/skyscreamer/jsonassert/1.5.3/jsonassert-1.5.3.jar:/home/user/.m2/repository/com/vaadin/external/google/android-json/0.0.20131108.vaadin1/android-json-0.0.20131108.vaadin1.jar:/home/user/.m2/repository/org/springframework/spring-core/6.2.1/spring-core-6.2.1.jar:/home/user/.m2/repository/org/springframework/spring-jcl/6.2.1/spring-jcl-6.2.1.jar:/home/user/.m2/repository/org/springframework/spring-test/6.2.1/spring-test-6.2.1.jar:/home/user/.m2/repository/org/xmlunit/xmlunit-core/2.10.0/xmlunit-core-2.10.0.jar:/home/user/.m2/repository/com/sap/cds/cds-starter-cloudfoundry/3.4.1/cds-starter-cloudfoundry-3.4.1.jar:/home/user/.m2/repository/com/sap/cds/cds-feature-hana/3.4.1/cds-feature-hana-3.4.1.jar:/home/user/.m2/repository/com/sap/cds/cds-services-api/3.4.1/cds-services-api-3.4.1.jar:/home/user/.m2/repository/com/sap/cds/cds4j-api/3.4.0/cds4j-api-3.4.0.jar:/home/user/.m2/repository/com/sap/cloud/environment/servicebinding/api/java-core-api/0.10.5/java-core-api-0.10.5.jar:/home/user/.m2/repository/com/sap/cds/cds-services-utils/3.4.1/cds-services-utils-3.4.1.jar:/home/user/.m2/repository/com/sap/cds/cds4j-core/3.4.0/cds4j-core-3.4.0.jar:/home/user/.m2/repository/com/github/ben-manes/caffeine/caffeine/3.1.8/caffeine-3.1.8.jar:/home/user/.m2/repository/com/sap/cds/cds4j-runtime/3.4.0/cds4j-runtime-3.4.0.jar:/home/user/.m2/repository/com/sap/cds/cds4j-jdbc-spi/3.4.0/cds4j-jdbc-spi-3.4.0.jar:/home/user/.m2/repository/com/sap/cloud/sdk/cloudplatform/connectivity-oauth/5.13.0/connectivity-oauth-5.13.0.jar:/home/user/.m2/repository/com/sap/cloud/sdk/cloudplatform/cloudplatform-core/5.13.0/cloudplatform-core-5.13.0.jar:/home/user/.m2/repository/com/sap/cloud/sdk/cloudplatform/cloudplatform-connectivity/5.13.0/cloudplatform-connectivity-5.13.0.jar:/home/user/.m2/repository/com/mikesamuel/json-sanitizer/1.2.3/json-sanitizer-1.2.3.jar:/home/user/.m2/repository/org/bouncycastle/bcprov-jdk18on/1.78.1/bcprov-jdk18on-1.78.1.jar:/home/user/.m2/repository/org/bouncycastle/bcpkix-jdk18on/1.78.1/bcpkix-jdk18on-1.78.1.jar:/home/user/.m2/repository/org/bouncycastle/bcutil-jdk18on/1.78.1/bcutil-jdk18on-1.78.1.jar:/home/user/.m2/repository/com/sap/cloud/sdk/cloudplatform/caching/5.13.0/caching-5.13.0.jar:/home/user/.m2/repository/com/sap/cloud/environment/servicebinding/api/java-consumption-api/0.10.5/java-consumption-api-0.10.5.jar:/home/user/.m2/repository/org/apache/httpcomponents/httpcore/4.4.16/httpcore-4.4.16.jar:/home/user/.m2/repository/org/slf4j/jcl-over-slf4j/2.0.16/jcl-over-slf4j-2.0.16.jar:/home/user/.m2/repository/com/auth0/java-jwt/4.4.0/java-jwt-4.4.0.jar:/home/user/.m2/repository/io/vavr/vavr/0.10.4/vavr-0.10.4.jar:/home/user/.m2/repository/io/vavr/vavr-match/0.10.4/vavr-match-0.10.4.jar:/home/user/.m2/repository/commons-io/commons-io/2.17.0/commons-io-2.17.0.jar:/home/user/.m2/repository/io/opentelemetry/opentelemetry-api/1.43.0/opentelemetry-api-1.43.0.jar:/home/user/.m2/repository/io/opentelemetry/opentelemetry-context/1.43.0/opentelemetry-context-1.43.0.jar:/home/user/.m2/repository/com/google/guava/guava/33.3.1-jre/guava-33.3.1-jre.jar:/home/user/.m2/repository/com/google/guava/failureaccess/1.0.2/failureaccess-1.0.2.jar:/home/user/.m2/repository/com/google/guava/listenablefuture/9999.0-empty-to-avoid-conflict-with-guava/listenablefuture-9999.0-empty-to-avoid-conflict-with-guava.jar:/home/user/.m2/repository/com/google/code/findbugs/jsr305/3.0.2/jsr305-3.0.2.jar:/home/user/.m2/repository/org/checkerframework/checker-qual/3.43.0/checker-qual-3.43.0.jar:/home/user/.m2/repository/com/google/j2objc/j2objc-annotations/3.0.0/j2objc-annotations-3.0.0.jar:/home/user/.m2/repository/org/apache/commons/commons-lang3/3.17.0/commons-lang3-3.17.0.jar:/home/user/.m2/repository/com/sap/cloud/security/xsuaa/token-client/3.5.3/token-client-3.5.3.jar:/home/user/.m2/repository/com/sap/cloud/security/env/3.5.3/env-3.5.3.jar:/home/user/.m2/repository/com/sap/cloud/environment/servicebinding/java-sap-service-operator/0.10.5/java-sap-service-operator-0.10.5.jar:/home/user/.m2/repository/com/sap/cloud/db/jdbc/ngdbc/2.22.12/ngdbc-2.22.12.jar:/home/user/.m2/repository/com/sap/cds/cds-feature-mt/3.4.1/cds-feature-mt-3.4.1.jar:/home/user/.m2/repository/com/sap/cds/cds-adapter-api/3.4.1/cds-adapter-api-3.4.1.jar:/home/user/.m2/repository/com/sap/cds/cds-integration-cloud-sdk/3.4.1/cds-integration-cloud-sdk-3.4.1.jar:/home/user/.m2/repository/com/sap/cloud/sdk/cloudplatform/tenant/5.13.0/tenant-5.13.0.jar:/home/user/.m2/repository/com/sap/cloud/sdk/cloudplatform/security/5.13.0/security-5.13.0.jar:/home/user/.m2/repository/com/sap/cloud/sdk/cloudplatform/connectivity-apache-httpclient4/5.13.0/connectivity-apache-httpclient4-5.13.0.jar:/home/user/.m2/repository/com/sap/cloud/sdk/cloudplatform/resilience/5.13.0/resilience-5.13.0.jar:/home/user/.m2/repository/com/sap/cloud/sdk/cloudplatform/resilience-api/5.13.0/resilience-api-5.13.0.jar:/home/user/.m2/repository/com/sap/cloud/sdk/cloudplatform/resilience4j/5.13.0/resilience4j-5.13.0.jar:/home/user/.m2/repository/io/github/resilience4j/resilience4j-circuitbreaker/2.2.0/resilience4j-circuitbreaker-2.2.0.jar:/home/user/.m2/repository/io/github/resilience4j/resilience4j-core/2.2.0/resilience4j-core-2.2.0.jar:/home/user/.m2/repository/io/github/resilience4j/resilience4j-bulkhead/2.2.0/resilience4j-bulkhead-2.2.0.jar:/home/user/.m2/repository/io/github/resilience4j/resilience4j-timelimiter/2.2.0/resilience4j-timelimiter-2.2.0.jar:/home/user/.m2/repository/io/github/resilience4j/resilience4j-retry/2.2.0/resilience4j-retry-2.2.0.jar:/home/user/.m2/repository/io/github/resilience4j/resilience4j-ratelimiter/2.2.0/resilience4j-ratelimiter-2.2.0.jar:/home/user/.m2/repository/javax/cache/cache-api/1.1.1/cache-api-1.1.1.jar:/home/user/.m2/repository/com/sap/cds/cds-services-impl/3.4.1/cds-services-impl-3.4.1.jar:/home/user/.m2/repository/com/sap/cds/cds-services-messaging/3.4.1/cds-services-messaging-3.4.1.jar:/home/user/.m2/repository/jakarta/jms/jakarta.jms-api/3.1.0/jakarta.jms-api-3.1.0.jar:/home/user/.m2/repository/com/sap/cloud/environment/servicebinding/api/java-access-api/0.10.5/java-access-api-0.10.5.jar:/home/user/.m2/repository/org/apache/commons/commons-csv/1.10.0/commons-csv-1.10.0.jar:/home/user/.m2/repository/com/google/code/gson/gson/2.11.0/gson-2.11.0.jar:/home/user/.m2/repository/com/google/errorprone/error_prone_annotations/2.27.0/error_prone_annotations-2.27.0.jar:/home/user/.m2/repository/com/sap/cds/cds-feature-cloudfoundry/3.4.1/cds-feature-cloudfoundry-3.4.1.jar:/home/user/.m2/repository/com/sap/cloud/environment/servicebinding/java-sap-vcap-services/0.10.5/java-sap-vcap-services-0.10.5.jar:/home/user/.m2/repository/org/json/json/20240303/json-20240303.jar:/home/user/.m2/repository/com/sap/cds/cds-feature-identity/3.4.1/cds-feature-identity-3.4.1.jar:/home/user/.m2/repository/com/sap/cloud/security/java-api/3.5.3/java-api-3.5.3.jar:/home/user/.m2/repository/com/sap/cloud/security/java-security/3.5.3/java-security-3.5.3.jar:/home/user/.m2/repository/com/sap/cloud/security/resourceserver-security-spring-boot-starter/3.5.3/resourceserver-security-spring-boot-starter-3.5.3.jar:/home/user/.m2/repository/com/sap/cloud/security/spring-security/3.5.3/spring-security-3.5.3.jar:/home/user/.m2/repository/com/nimbusds/nimbus-jose-jwt/9.40/nimbus-jose-jwt-9.40.jar:/home/user/.m2/repository/org/apache/httpcomponents/httpclient/4.5.14/httpclient-4.5.14.jar:/home/user/.m2/repository/commons-logging/commons-logging/1.2/commons-logging-1.2.jar:/home/user/.m2/repository/commons-codec/commons-codec/1.17.1/commons-codec-1.17.1.jar:/home/user/.m2/repository/org/springframework/security/spring-security-oauth2-jose/6.4.2/spring-security-oauth2-jose-6.4.2.jar:/home/user/.m2/repository/org/springframework/security/spring-security-core/6.4.2/spring-security-core-6.4.2.jar:/home/user/.m2/repository/org/springframework/security/spring-security-crypto/6.4.2/spring-security-crypto-6.4.2.jar:/home/user/.m2/repository/org/springframework/security/spring-security-oauth2-core/6.4.2/spring-security-oauth2-core-6.4.2.jar:/home/user/.m2/repository/org/springframework/security/spring-security-oauth2-resource-server/6.4.2/spring-security-oauth2-resource-server-6.4.2.jar:/home/user/.m2/repository/org/springframework/boot/spring-boot-starter-security/3.4.1/spring-boot-starter-security-3.4.1.jar:/home/user/.m2/repository/org/springframework/security/spring-security-config/6.4.2/spring-security-config-6.4.2.jar:/home/user/.m2/repository/org/springframework/security/spring-security-web/6.4.2/spring-security-web-6.4.2.jar:/home/user/.m2/repository/org/springframework/boot/spring-boot-starter-actuator/3.4.1/spring-boot-starter-actuator-3.4.1.jar:/home/user/.m2/repository/org/springframework/boot/spring-boot-actuator-autoconfigure/3.4.1/spring-boot-actuator-autoconfigure-3.4.1.jar:/home/user/.m2/repository/org/springframework/boot/spring-boot-actuator/3.4.1/spring-boot-actuator-3.4.1.jar:/home/user/.m2/repository/io/micrometer/micrometer-observation/1.14.2/micrometer-observation-1.14.2.jar:/home/user/.m2/repository/io/micrometer/micrometer-commons/1.14.2/micrometer-commons-1.14.2.jar:/home/user/.m2/repository/io/micrometer/micrometer-jakarta9/1.14.2/micrometer-jakarta9-1.14.2.jar:/home/user/.m2/repository/io/micrometer/micrometer-core/1.14.2/micrometer-core-1.14.2.jar:/home/user/.m2/repository/org/hdrhistogram/HdrHistogram/2.2.2/HdrHistogram-2.2.2.jar:/home/user/.m2/repository/org/latencyutils/LatencyUtils/2.0.3/LatencyUtils-2.0.3.jar:/home/user/.m2/repository/org/springframework/boot/spring-boot-starter-webflux/3.4.1/spring-boot-starter-webflux-3.4.1.jar:/home/user/.m2/repository/org/springframework/boot/spring-boot-starter-reactor-netty/3.4.1/spring-boot-starter-reactor-netty-3.4.1.jar:/home/user/.m2/repository/io/projectreactor/netty/reactor-netty-http/1.2.1/reactor-netty-http-1.2.1.jar:/home/user/.m2/repository/io/netty/netty-codec-http/4.1.116.Final/netty-codec-http-4.1.116.Final.jar:/home/user/.m2/repository/io/netty/netty-common/4.1.116.Final/netty-common-4.1.116.Final.jar:/home/user/.m2/repository/io/netty/netty-buffer/4.1.116.Final/netty-buffer-4.1.116.Final.jar:/home/user/.m2/repository/io/netty/netty-transport/4.1.116.Final/netty-transport-4.1.116.Final.jar:/home/user/.m2/repository/io/netty/netty-codec/4.1.116.Final/netty-codec-4.1.116.Final.jar:/home/user/.m2/repository/io/netty/netty-handler/4.1.116.Final/netty-handler-4.1.116.Final.jar:/home/user/.m2/repository/io/netty/netty-codec-http2/4.1.116.Final/netty-codec-http2-4.1.116.Final.jar:/home/user/.m2/repository/io/netty/netty-resolver-dns/4.1.116.Final/netty-resolver-dns-4.1.116.Final.jar:/home/user/.m2/repository/io/netty/netty-resolver/4.1.116.Final/netty-resolver-4.1.116.Final.jar:/home/user/.m2/repository/io/netty/netty-codec-dns/4.1.116.Final/netty-codec-dns-4.1.116.Final.jar:/home/user/.m2/repository/io/netty/netty-resolver-dns-native-macos/4.1.116.Final/netty-resolver-dns-native-macos-4.1.116.Final-osx-x86_64.jar:/home/user/.m2/repository/io/netty/netty-resolver-dns-classes-macos/4.1.116.Final/netty-resolver-dns-classes-macos-4.1.116.Final.jar:/home/user/.m2/repository/io/netty/netty-transport-native-epoll/4.1.116.Final/netty-transport-native-epoll-4.1.116.Final-linux-x86_64.jar:/home/user/.m2/repository/io/netty/netty-transport-native-unix-common/4.1.116.Final/netty-transport-native-unix-common-4.1.116.Final.jar:/home/user/.m2/repository/io/netty/netty-transport-classes-epoll/4.1.116.Final/netty-transport-classes-epoll-4.1.116.Final.jar:/home/user/.m2/repository/io/projectreactor/netty/reactor-netty-core/1.2.1/reactor-netty-core-1.2.1.jar:/home/user/.m2/repository/io/netty/netty-handler-proxy/4.1.116.Final/netty-handler-proxy-4.1.116.Final.jar:/home/user/.m2/repository/io/netty/netty-codec-socks/4.1.116.Final/netty-codec-socks-4.1.116.Final.jar:/home/user/.m2/repository/org/springframework/spring-webflux/6.2.1/spring-webflux-6.2.1.jar:/home/user/.m2/repository/io/projectreactor/reactor-core/3.7.1/reactor-core-3.7.1.jar:/home/user/.m2/repository/org/reactivestreams/reactive-streams/1.0.4/reactive-streams-1.0.4.jar:"/>
    <property name="sun.cpu.endian" value="little"/>
    <property name="user.home" value="/home/user"/>
    <property name="user.language" value="en"/>
    <property name="java.specification.vendor" value="Oracle Corporation"/>
    <property name="java.version.date" value="2024-01-16"/>
    <property name="java.home" value="/local/asdf-inst-inbox-runtime/installs/java/sapmachine-21.0.2"/>
    <property name="file.separator" value="/"/>
    <property name="basedir" value="/home/user/projects/taskcenter/taskcenter"/>
    <property name="java.vm.compressedOopsMode" value="Zero based"/>
    <property name="line.separator" value="&#10;"/>
    <property name="java.vm.specification.vendor" value="Oracle Corporation"/>
    <property name="java.specification.name" value="Java Platform API Specification"/>
    <property name="FILE_LOG_CHARSET" value="UTF-8"/>
    <property name="java.awt.headless" value="true"/>
    <property name="surefire.real.class.path" value="/home/user/projects/taskcenter/taskcenter/target/surefire/surefirebooter-20250123104716157_3.jar"/>
    <property name="sun.management.compiler" value="HotSpot 64-Bit Tiered Compilers"/>
    <property name="java.runtime.version" value="21.0.2+13-LTS"/>
    <property name="user.name" value="user"/>
    <property name="stdout.encoding" value="ANSI_X3.4-1968"/>
    <property name="path.separator" value=":"/>
    <property name="os.version" value="6.6.63-cloud-amd64"/>
    <property name="java.runtime.name" value="OpenJDK Runtime Environment"/>
    <property name="file.encoding" value="UTF-8"/>
    <property name="java.vm.name" value="OpenJDK 64-Bit Server VM"/>
    <property name="java.vendor.version" value="SapMachine"/>
    <property name="localRepository" value="/home/user/.m2/repository"/>
    <property name="java.vendor.url.bug" value="https://github.com/SAP/SapMachine/issues/new"/>
    <property name="java.io.tmpdir" value="/tmp"/>
    <property name="java.version" value="21.0.2"/>
    <property name="user.dir" value="/home/user/projects/taskcenter/taskcenter"/>
    <property name="os.arch" value="amd64"/>
    <property name="java.vm.specification.name" value="Java Virtual Machine Specification"/>
    <property name="PID" value="73641"/>
    <property name="CONSOLE_LOG_CHARSET" value="UTF-8"/>
    <property name="native.encoding" value="ANSI_X3.4-1968"/>
    <property name="java.library.path" value="/usr/java/packages/lib:/usr/lib64:/lib64:/lib:/usr/lib"/>
    <property name="java.vm.info" value="mixed mode, sharing"/>
    <property name="stderr.encoding" value="ANSI_X3.4-1968"/>
    <property name="java.vendor" value="SAP SE"/>
    <property name="java.vm.version" value="21.0.2+13-LTS"/>
    <property name="sun.io.unicode.encoding" value="UnicodeLittle"/>
    <property name="java.class.version" value="65.0"/>
    <property name="LOGGED_APPLICATION_NAME" value="[taskcenter] "/>
  </properties>
  <testcase name="contextLoads" classname="com.sap.taskcenter.TaskcenterApplicationTests" time="0.822">
    <system-out><![CDATA[10:47:16.950 [main] INFO org.springframework.test.context.support.AnnotationConfigContextLoaderUtils -- Could not detect default configuration classes for test class [com.sap.taskcenter.TaskcenterApplicationTests]: TaskcenterApplicationTests does not declare any static, non-private, non-final, nested classes annotated with @Configuration.
10:47:17.045 [main] INFO org.springframework.boot.test.context.SpringBootTestContextBootstrapper -- Found @SpringBootConfiguration com.sap.taskcenter.TaskcenterApplication for test class com.sap.taskcenter.TaskcenterApplicationTests

  .   ____          _            __ _ _
 /\\ / ___'_ __ _ _(_)_ __  __ _ \ \ \ \
( ( )\___ | '_ | '_| | '_ \/ _` | \ \ \ \
 \\/  ___)| |_)| | | | | || (_| |  ) ) ) )
  '  |____| .__|_| |_|_| |_\__, | / / / /
 =========|_|==============|___/=/_/_/_/

 :: Spring Boot ::                (v3.4.1)

2025-01-23T10:47:17.469Z  WARN 73641 --- [taskcenter] [           main] ory$DuplicateJsonObjectContextCustomizer : 

Found multiple occurrences of org.json.JSONObject on the class path:

	jar:file:/home/user/.m2/repository/com/vaadin/external/google/android-json/0.0.20131108.vaadin1/android-json-0.0.20131108.vaadin1.jar!/org/json/JSONObject.class
	jar:file:/home/user/.m2/repository/org/json/json/20240303/json-20240303.jar!/org/json/JSONObject.class

You may wish to exclude one of them to ensure predictable runtime behavior

2025-01-23T10:47:17.485Z  INFO 73641 --- [taskcenter] [           main] c.s.t.TaskcenterApplicationTests         : Starting TaskcenterApplicationTests using Java 21.0.2 with PID 73641 (started by user in /home/user/projects/taskcenter/taskcenter)
2025-01-23T10:47:17.487Z  INFO 73641 --- [taskcenter] [           main] c.s.t.TaskcenterApplicationTests         : No active profile set, falling back to 1 default profile: "default"
2025-01-23T10:47:19.998Z  INFO 73641 --- [taskcenter] [           main] r$InitializeUserDetailsManagerConfigurer : Global AuthenticationManager configured with UserDetailsService bean with name inMemoryUserDetailsManager
2025-01-23T10:47:20.153Z  INFO 73641 --- [taskcenter] [           main] o.s.b.a.e.web.EndpointLinksResolver      : Exposing 1 endpoint beneath base path '/actuator'
2025-01-23T10:47:20.298Z  INFO 73641 --- [taskcenter] [           main] c.s.t.TaskcenterApplicationTests         : Started TaskcenterApplicationTests in 3.145 seconds (process running for 4.04)
]]></system-out>
    <system-err><![CDATA[Mockito is currently self-attaching to enable the inline-mock-maker. This will no longer work in future releases of the JDK. Please add Mockito as an agent to your build what is described in Mockito's documentation: https://javadoc.io/doc/org.mockito/mockito-core/latest/org/mockito/Mockito.html#0.3
WARNING: A Java agent has been loaded dynamically (/home/user/.m2/repository/net/bytebuddy/byte-buddy-agent/1.15.11/byte-buddy-agent-1.15.11.jar)
WARNING: If a serviceability tool is in use, please run with -XX:+EnableDynamicAgentLoading to hide this warning
WARNING: If a serviceability tool is not in use, please run with -Djdk.instrument.traceUsage for more information
WARNING: Dynamic loading of agents will be disallowed by default in a future release
]]></system-err>
  </testcase>
</testsuite>